<?xml version="1.0" encoding="UTF-8" ?>
<testsuite errors="0" failures="0" hostname="MININT-0CDNVTD" name="org.specs.generators.java.junit.MethodTest" skipped="0" tests="1" time="0.026" timestamp="2022-04-10T20:06:07">
  <properties>
[...]
</properties>
  <testcase classname="org.specs.generators.java.junit.MethodTest" name="testGenerateCode" time="0.024" />
  <system-out><![CDATA[]]></system-out>
  <system-err><![CDATA[Apr 10, 2022 9:06:07 PM pt.up.fe.specs.util.logging.TagLogger log
WARNING: Potential bug: check this

Stack Trace:
--------------
org.specs.generators.java.members.Method.generateCode(Unknown Source)
org.specs.generators.java.junit.MethodTest.testGenerateCode(Unknown Source)
java.base/jdk.internal.reflect.NativeMethodAccessorImpl.invoke0(Native Method)
java.base/jdk.internal.reflect.NativeMethodAccessorImpl.invoke(NativeMethodAccessorImpl.java:64)
java.base/jdk.internal.reflect.DelegatingMethodAccessorImpl.invoke(DelegatingMethodAccessorImpl.java:43)
java.base/java.lang.reflect.Method.invoke(Method.java:564)
org.junit.runners.model.FrameworkMethod$1.runReflectiveCall(FrameworkMethod.java:50)
org.junit.internal.runners.model.ReflectiveCallable.run(ReflectiveCallable.java:12)
org.junit.runners.model.FrameworkMethod.invokeExplosively(FrameworkMethod.java:47)
org.junit.internal.runners.statements.InvokeMethod.evaluate(InvokeMethod.java:17)
org.junit.runners.ParentRunner.runLeaf(ParentRunner.java:325)
org.junit.runners.BlockJUnit4ClassRunner.runChild(BlockJUnit4ClassRunner.java:78)
org.junit.runners.BlockJUnit4ClassRunner.runChild(BlockJUnit4ClassRunner.java:57)
org.junit.runners.ParentRunner$3.run(ParentRunner.java:290)
org.junit.runners.ParentRunner$1.schedule(ParentRunner.java:71)
org.junit.runners.ParentRunner.runChildren(ParentRunner.java:288)
org.junit.runners.ParentRunner.access$000(ParentRunner.java:58)
org.junit.runners.ParentRunner$2.evaluate(ParentRunner.java:268)
org.junit.runners.ParentRunner.run(ParentRunner.java:363)
junit.framework.JUnit4TestAdapter.run(JUnit4TestAdapter.java:38)
org.apache.tools.ant.taskdefs.optional.junit.JUnitTestRunner.run(JUnitTestRunner.java:538)
org.apache.tools.ant.taskdefs.optional.junit.JUnitTestRunner.launch(JUnitTestRunner.java:1187)
org.apache.tools.ant.taskdefs.optional.junit.JUnitTestRunner.main(JUnitTestRunner.java:1012)
--------------


]]></system-err>
</testsuite>
