<?xml version="1.0" encoding="UTF-8" ?>
<testsuite errors="0" failures="0" hostname="MININT-0CDNVTD" name="pt.up.fe.specs.symja.SymjaTest" skipped="0" tests="3" time="1.244" timestamp="2022-04-10T20:06:22">
  <properties>
[...]
</properties>
  <testcase classname="pt.up.fe.specs.symja.SymjaTest" name="parser" time="0.073" />
  <testcase classname="pt.up.fe.specs.symja.SymjaTest" name="test" time="1.074" />
  <testcase classname="pt.up.fe.specs.symja.SymjaTest" name="adiExpressions" time="0.027" />
  <system-out><![CDATA[SymjaFunction: SymjaFunction []
  SymjaOperator: SymjaOperator [operator: Times]
  SymjaSymbol: SymjaSymbol [symbol: N]
  SymjaSymbol: SymjaSymbol [symbol: M]
  SymjaFunction: SymjaFunction []
    SymjaOperator: SymjaOperator [operator: Plus]
    SymjaSymbol: SymjaSymbol [symbol: i]
    SymjaFunction: SymjaFunction []
      SymjaOperator: SymjaOperator [operator: Times]
      SymjaInteger: SymjaInteger [valueString: -1]
      SymjaSymbol: SymjaSymbol [symbol: N]

C Code: (N * M * (i + (-1 * N)))
C Code After Remove Minus One transform: (N * M * (i + (-N)))
C Code After Replace Unary Minus: (N * M * (i - N))
C Code After parenthesis: N * M * (i - N)
Symja: 57*tsteps-64*n*tsteps+18*n^2*tsteps
C: 57 * tsteps + -1 * (64 * n * tsteps) + 18 * pow(n, 2) * tsteps
Symja: 7+16*tsteps-16*n*tsteps+4*n^2*tsteps
C: 7 + 16 * tsteps + -1 * (16 * n * tsteps) + 4 * pow(n, 2) * tsteps
Symja: 2+56*tsteps-56*n*tsteps+14*n^2*tsteps
C: 2 + 56 * tsteps + -1 * (56 * n * tsteps) + 14 * pow(n, 2) * tsteps
Symja: 4+64*tsteps-64*n*tsteps+16*n^2*tsteps
C: 4 + 64 * tsteps + -1 * (64 * n * tsteps) + 16 * pow(n, 2) * tsteps
]]></system-out>
  <system-err><![CDATA[SLF4J: Class path contains multiple SLF4J bindings.
SLF4J: Found binding in [jar:file:/C:/Users/JBispo/AppData/Local/Temp/specs_git_repos/specs-java-libs/SymjaPlus/ivy/slf4j-simple-jar-1.7.25.jar!/org/slf4j/impl/StaticLoggerBinder.class]
SLF4J: Found binding in [jar:file:/C:/Users/JBispo/Desktop/test/eclipse-build.jar!/org/slf4j/impl/StaticLoggerBinder.class]
SLF4J: See http://www.slf4j.org/codes.html#multiple_bindings for an explanation.
SLF4J: Actual binding is of type [org.slf4j.impl.SimpleLoggerFactory]
]]></system-err>
</testsuite>
