<?xml version="1.0" encoding="UTF-8" ?>
<testsuite errors="0" failures="0" hostname="MININT-0CDNVTD" name="pt.up.fe.specs.util.SpecsSystemTest" skipped="0" tests="2" time="0.006" timestamp="2022-04-10T20:06:12">
  <properties>
[...]
</properties>
  <testcase classname="pt.up.fe.specs.util.SpecsSystemTest" name="testInvokeAsGetter" time="0.002" />
  <testcase classname="pt.up.fe.specs.util.SpecsSystemTest" name="testJavaVersion" time="0.001" />
  <system-out><![CDATA[15.0
]]></system-out>
  <system-err><![CDATA[]]></system-err>
</testsuite>
