<?xml version="1.0" encoding="UTF-8" ?>
<testsuite errors="0" failures="0" hostname="MININT-0CDNVTD" name="pt.up.fe.specs.ant.TasksTest" skipped="0" tests="1" time="0.243" timestamp="2022-04-10T20:06:27">
  <properties>
[...]
</properties>
  <testcase classname="pt.up.fe.specs.ant.TasksTest" name="testSftp" time="0.053" />
  <system-out><![CDATA[Output:
<?xml version="1.0" encoding="UTF-8" standalone="no"?>
<project default="ssh_transfer" name="Upload a file through SSH">


	<!--ANT 1.7 is required -->
	<!-- FTP Transfer -->
	<target name="ssh_transfer">
		<echo message="Using a secure connection over SSH. Make sure you are inside a network that permits the communication! (e.g., by using a VPN)"/>
		<echo message="Transfering 'new_name.txt' to host:destinationFolder"/>	
		<scp file="C:\Users\JBispo\AppData\Local\Temp\specs_ant\renamedFile\new_name.txt" todir="login:pass@host:destinationFolder"
			port="port"
			trust="yes" />

		
	</target>
</project>

]]></system-out>
  <system-err><![CDATA[]]></system-err>
</testsuite>
