<?xml version="1.0" encoding="UTF-8" ?>
<testsuites>
  <testsuite errors="0" failures="0" hostname="MININT-0CDNVTD" id="0" name="FieldTest" package="org.specs.generators.java.junit" skipped="0" tests="1" time="0.073" timestamp="2022-04-10T20:06:07">
      <properties>
[...]
</properties>

      <testcase classname="org.specs.generators.java.junit.FieldTest" name="testGenerateCode" time="0.003" />

      <system-out><![CDATA[]]></system-out>

      <system-err><![CDATA[]]></system-err>

  </testsuite>
  <testsuite errors="0" failures="0" hostname="MININT-0CDNVTD" id="1" name="JavaTypeTest" package="org.specs.generators.java.junit" skipped="0" tests="1" time="0.011" timestamp="2022-04-10T20:06:07">
      <properties>
[...]
</properties>

      <testcase classname="org.specs.generators.java.junit.JavaTypeTest" name="testGenerateCode" time="0.01" />

      <system-out><![CDATA[]]></system-out>

      <system-err><![CDATA[]]></system-err>

  </testsuite>
  <testsuite errors="0" failures="0" hostname="MININT-0CDNVTD" id="2" name="MethodTest" package="org.specs.generators.java.junit" skipped="0" tests="1" time="0.026" timestamp="2022-04-10T20:06:07">
      <properties>
[...]
</properties>

      <testcase classname="org.specs.generators.java.junit.MethodTest" name="testGenerateCode" time="0.024" />

      <system-out><![CDATA[]]></system-out>

      <system-err><![CDATA[Apr 10, 2022 9:06:07 PM pt.up.fe.specs.util.logging.TagLogger log
WARNING: Potential bug: check this

Stack Trace:
--------------
org.specs.generators.java.members.Method.generateCode(Unknown Source)
org.specs.generators.java.junit.MethodTest.testGenerateCode(Unknown Source)
java.base/jdk.internal.reflect.NativeMethodAccessorImpl.invoke0(Native Method)
java.base/jdk.internal.reflect.NativeMethodAccessorImpl.invoke(NativeMethodAccessorImpl.java:64)
java.base/jdk.internal.reflect.DelegatingMethodAccessorImpl.invoke(DelegatingMethodAccessorImpl.java:43)
java.base/java.lang.reflect.Method.invoke(Method.java:564)
org.junit.runners.model.FrameworkMethod$1.runReflectiveCall(FrameworkMethod.java:50)
org.junit.internal.runners.model.ReflectiveCallable.run(ReflectiveCallable.java:12)
org.junit.runners.model.FrameworkMethod.invokeExplosively(FrameworkMethod.java:47)
org.junit.internal.runners.statements.InvokeMethod.evaluate(InvokeMethod.java:17)
org.junit.runners.ParentRunner.runLeaf(ParentRunner.java:325)
org.junit.runners.BlockJUnit4ClassRunner.runChild(BlockJUnit4ClassRunner.java:78)
org.junit.runners.BlockJUnit4ClassRunner.runChild(BlockJUnit4ClassRunner.java:57)
org.junit.runners.ParentRunner$3.run(ParentRunner.java:290)
org.junit.runners.ParentRunner$1.schedule(ParentRunner.java:71)
org.junit.runners.ParentRunner.runChildren(ParentRunner.java:288)
org.junit.runners.ParentRunner.access$000(ParentRunner.java:58)
org.junit.runners.ParentRunner$2.evaluate(ParentRunner.java:268)
org.junit.runners.ParentRunner.run(ParentRunner.java:363)
junit.framework.JUnit4TestAdapter.run(JUnit4TestAdapter.java:38)
org.apache.tools.ant.taskdefs.optional.junit.JUnitTestRunner.run(JUnitTestRunner.java:538)
org.apache.tools.ant.taskdefs.optional.junit.JUnitTestRunner.launch(JUnitTestRunner.java:1187)
org.apache.tools.ant.taskdefs.optional.junit.JUnitTestRunner.main(JUnitTestRunner.java:1012)
--------------


]]></system-err>

  </testsuite>
  <testsuite errors="0" failures="0" hostname="MININT-0CDNVTD" id="3" name="DataKeyTest" package="org.suikasoft.jOptions.Datakey" skipped="0" tests="2" time="0.352" timestamp="2022-04-10T20:06:11">
      <properties>
[...]
</properties>

      <testcase classname="org.suikasoft.jOptions.Datakey.DataKeyTest" name="testGeneric" time="0.275" />

      <testcase classname="org.suikasoft.jOptions.Datakey.DataKeyTest" name="test" time="0.008" />

      <system-out><![CDATA[]]></system-out>

      <system-err><![CDATA[]]></system-err>

  </testsuite>
  <testsuite errors="0" failures="0" hostname="MININT-0CDNVTD" id="4" name="MagicKeyTest" package="org.suikasoft.jOptions.Datakey" skipped="0" tests="1" time="0.005" timestamp="2022-04-10T20:06:11">
      <properties>
[...]
</properties>

      <testcase classname="org.suikasoft.jOptions.Datakey.MagicKeyTest" name="test" time="0.003" />

      <system-out><![CDATA[]]></system-out>

      <system-err><![CDATA[]]></system-err>

  </testsuite>
  <testsuite errors="0" failures="0" hostname="MININT-0CDNVTD" id="5" name="TasksTest" package="pt.up.fe.specs.ant" skipped="0" tests="1" time="0.243" timestamp="2022-04-10T20:06:27">
      <properties>
[...]
</properties>

      <testcase classname="pt.up.fe.specs.ant.TasksTest" name="testSftp" time="0.053" />

      <system-out><![CDATA[Output:
<?xml version="1.0" encoding="UTF-8" standalone="no"?>
<project default="ssh_transfer" name="Upload a file through SSH">


	<!--ANT 1.7 is required -->
	<!-- FTP Transfer -->
	<target name="ssh_transfer">
		<echo message="Using a secure connection over SSH. Make sure you are inside a network that permits the communication! (e.g., by using a VPN)"/>
		<echo message="Transfering 'new_name.txt' to host:destinationFolder"/>	
		<scp file="C:\Users\JBispo\AppData\Local\Temp\specs_ant\renamedFile\new_name.txt" todir="login:pass@host:destinationFolder"
			port="port"
			trust="yes" />

		
	</target>
</project>

]]></system-out>

      <system-err><![CDATA[]]></system-err>

  </testsuite>
  <testsuite errors="0" failures="0" hostname="MININT-0CDNVTD" id="6" name="JsEngineTest" package="pt.up.fe.specs.jsengine" skipped="0" tests="14" time="1.116" timestamp="2022-04-10T20:06:09">
      <properties>
[...]
</properties>

      <testcase classname="pt.up.fe.specs.jsengine.JsEngineTest" name="testAccessors" time="0.759" />

      <testcase classname="pt.up.fe.specs.jsengine.JsEngineTest" name="testGet" time="0.027" />

      <testcase classname="pt.up.fe.specs.jsengine.JsEngineTest" name="testPrint" time="0.071" />

      <testcase classname="pt.up.fe.specs.jsengine.JsEngineTest" name="testArrowFunction" time="0.033" />

      <testcase classname="pt.up.fe.specs.jsengine.JsEngineTest" name="testToString" time="0.013" />

      <testcase classname="pt.up.fe.specs.jsengine.JsEngineTest" name="testUndefined" time="0.012" />

      <testcase classname="pt.up.fe.specs.jsengine.JsEngineTest" name="testGetterSetter" time="0.019" />

      <testcase classname="pt.up.fe.specs.jsengine.JsEngineTest" name="testStringify" time="0.018" />

      <testcase classname="pt.up.fe.specs.jsengine.JsEngineTest" name="testEvalWithBindings" time="0.022" />

      <testcase classname="pt.up.fe.specs.jsengine.JsEngineTest" name="testGetValues" time="0.012" />

      <testcase classname="pt.up.fe.specs.jsengine.JsEngineTest" name="testIsArray" time="0.01" />

      <testcase classname="pt.up.fe.specs.jsengine.JsEngineTest" name="testSymbol" time="0.015" />

      <testcase classname="pt.up.fe.specs.jsengine.JsEngineTest" name="testClosures" time="0.018" />

      <testcase classname="pt.up.fe.specs.jsengine.JsEngineTest" name="testNewArray" time="0.013" />

      <system-out><![CDATA[Using print()
Using console.log()
Using print() with several objects
Using print() with substitution arguments, like 10 and aString
Symbol: function Symbol() { [native code] }
Symbol.iterator: Symbol(Symbol.iterator)
]]></system-out>

      <system-err><![CDATA[]]></system-err>

  </testsuite>
  <testsuite errors="0" failures="0" hostname="MININT-0CDNVTD" id="7" name="BinaryOpMutatorTest" package="pt.up.fe.specs.mutators" skipped="0" tests="1" time="0.066" timestamp="2022-04-10T20:06:29">
      <properties>
[...]
</properties>

      <testcase classname="pt.up.fe.specs.mutators.BinaryOpMutatorTest" name="test" time="0.001" />

      <system-out><![CDATA[]]></system-out>

      <system-err><![CDATA[]]></system-err>

  </testsuite>
  <testsuite errors="0" failures="0" hostname="MININT-0CDNVTD" id="8" name="SymjaTest" package="pt.up.fe.specs.symja" skipped="0" tests="3" time="1.244" timestamp="2022-04-10T20:06:22">
      <properties>
[...]
</properties>

      <testcase classname="pt.up.fe.specs.symja.SymjaTest" name="parser" time="0.073" />

      <testcase classname="pt.up.fe.specs.symja.SymjaTest" name="test" time="1.074" />

      <testcase classname="pt.up.fe.specs.symja.SymjaTest" name="adiExpressions" time="0.027" />

      <system-out><![CDATA[SymjaFunction: SymjaFunction []
  SymjaOperator: SymjaOperator [operator: Times]
  SymjaSymbol: SymjaSymbol [symbol: N]
  SymjaSymbol: SymjaSymbol [symbol: M]
  SymjaFunction: SymjaFunction []
    SymjaOperator: SymjaOperator [operator: Plus]
    SymjaSymbol: SymjaSymbol [symbol: i]
    SymjaFunction: SymjaFunction []
      SymjaOperator: SymjaOperator [operator: Times]
      SymjaInteger: SymjaInteger [valueString: -1]
      SymjaSymbol: SymjaSymbol [symbol: N]

C Code: (N * M * (i + (-1 * N)))
C Code After Remove Minus One transform: (N * M * (i + (-N)))
C Code After Replace Unary Minus: (N * M * (i - N))
C Code After parenthesis: N * M * (i - N)
Symja: 57*tsteps-64*n*tsteps+18*n^2*tsteps
C: 57 * tsteps + -1 * (64 * n * tsteps) + 18 * pow(n, 2) * tsteps
Symja: 7+16*tsteps-16*n*tsteps+4*n^2*tsteps
C: 7 + 16 * tsteps + -1 * (16 * n * tsteps) + 4 * pow(n, 2) * tsteps
Symja: 2+56*tsteps-56*n*tsteps+14*n^2*tsteps
C: 2 + 56 * tsteps + -1 * (56 * n * tsteps) + 14 * pow(n, 2) * tsteps
Symja: 4+64*tsteps-64*n*tsteps+16*n^2*tsteps
C: 4 + 64 * tsteps + -1 * (64 * n * tsteps) + 16 * pow(n, 2) * tsteps
]]></system-out>

      <system-err><![CDATA[SLF4J: Class path contains multiple SLF4J bindings.
SLF4J: Found binding in [jar:file:/C:/Users/JBispo/AppData/Local/Temp/specs_git_repos/specs-java-libs/SymjaPlus/ivy/slf4j-simple-jar-1.7.25.jar!/org/slf4j/impl/StaticLoggerBinder.class]
SLF4J: Found binding in [jar:file:/C:/Users/JBispo/Desktop/test/eclipse-build.jar!/org/slf4j/impl/StaticLoggerBinder.class]
SLF4J: See http://www.slf4j.org/codes.html#multiple_bindings for an explanation.
SLF4J: Actual binding is of type [org.slf4j.impl.SimpleLoggerFactory]
]]></system-err>

  </testsuite>
  <testsuite errors="0" failures="0" hostname="MININT-0CDNVTD" id="9" name="CollectionUtilsTest" package="pt.up.fe.specs.util" skipped="0" tests="1" time="0.066" timestamp="2022-04-10T20:06:11">
      <properties>
[...]
</properties>

      <testcase classname="pt.up.fe.specs.util.CollectionUtilsTest" name="getFirstIndex" time="0.001" />

      <system-out><![CDATA[]]></system-out>

      <system-err><![CDATA[]]></system-err>

  </testsuite>
  <testsuite errors="0" failures="0" hostname="MININT-0CDNVTD" id="10" name="IoUtilsTest" package="pt.up.fe.specs.util" skipped="0" tests="6" time="0.017" timestamp="2022-04-10T20:06:12">
      <properties>
[...]
</properties>

      <testcase classname="pt.up.fe.specs.util.IoUtilsTest" name="testGetRelativePathRelativeDiffFolder" time="0.002" />

      <testcase classname="pt.up.fe.specs.util.IoUtilsTest" name="testParsePathList" time="0.003" />

      <testcase classname="pt.up.fe.specs.util.IoUtilsTest" name="testGetRelativePathRelativeSameFolder" time="0.0" />

      <testcase classname="pt.up.fe.specs.util.IoUtilsTest" name="testGetRelativePathRelativeFile" time="0.0" />

      <testcase classname="pt.up.fe.specs.util.IoUtilsTest" name="testGetRelativePathFileToFile" time="0.001" />

      <testcase classname="pt.up.fe.specs.util.IoUtilsTest" name="testParseUrl" time="0.001" />

      <system-out><![CDATA[]]></system-out>

      <system-err><![CDATA[]]></system-err>

  </testsuite>
  <testsuite errors="0" failures="0" hostname="MININT-0CDNVTD" id="11" name="SpecsBitsTest" package="pt.up.fe.specs.util" skipped="0" tests="1" time="0.002" timestamp="2022-04-10T20:06:12">
      <properties>
[...]
</properties>

      <testcase classname="pt.up.fe.specs.util.SpecsBitsTest" name="signExtendString" time="0.0" />

      <system-out><![CDATA[]]></system-out>

      <system-err><![CDATA[]]></system-err>

  </testsuite>
  <testsuite errors="0" failures="0" hostname="MININT-0CDNVTD" id="12" name="SpecsLogsTest" package="pt.up.fe.specs.util" skipped="0" tests="1" time="0.106" timestamp="2022-04-10T20:06:12">
      <properties>
[...]
</properties>

      <testcase classname="pt.up.fe.specs.util.SpecsLogsTest" name="test" time="0.003" />

      <system-out><![CDATA[]]></system-out>

      <system-err><![CDATA[]]></system-err>

  </testsuite>
  <testsuite errors="0" failures="0" hostname="MININT-0CDNVTD" id="13" name="SpecsStringsTest" package="pt.up.fe.specs.util" skipped="0" tests="1" time="0.002" timestamp="2022-04-10T20:06:12">
      <properties>
[...]
</properties>

      <testcase classname="pt.up.fe.specs.util.SpecsStringsTest" name="testIsPalindrome" time="0.0" />

      <system-out><![CDATA[]]></system-out>

      <system-err><![CDATA[]]></system-err>

  </testsuite>
  <testsuite errors="0" failures="0" hostname="MININT-0CDNVTD" id="14" name="SpecsSystemTest" package="pt.up.fe.specs.util" skipped="0" tests="2" time="0.006" timestamp="2022-04-10T20:06:12">
      <properties>
[...]
</properties>

      <testcase classname="pt.up.fe.specs.util.SpecsSystemTest" name="testInvokeAsGetter" time="0.002" />

      <testcase classname="pt.up.fe.specs.util.SpecsSystemTest" name="testJavaVersion" time="0.001" />

      <system-out><![CDATA[15.0
]]></system-out>

      <system-err><![CDATA[]]></system-err>

  </testsuite>
  <testsuite errors="0" failures="0" hostname="MININT-0CDNVTD" id="15" name="StringParserTest" package="pt.up.fe.specs.util" skipped="0" tests="4" time="0.015" timestamp="2022-04-10T20:06:12">
      <properties>
[...]
</properties>

      <testcase classname="pt.up.fe.specs.util.StringParserTest" name="testReverseAndSeparator" time="0.004" />

      <testcase classname="pt.up.fe.specs.util.StringParserTest" name="testWord" time="0.003" />

      <testcase classname="pt.up.fe.specs.util.StringParserTest" name="testNumbers" time="0.002" />

      <testcase classname="pt.up.fe.specs.util.StringParserTest" name="doubleQuotedString" time="0.002" />

      <system-out><![CDATA[]]></system-out>

      <system-err><![CDATA[]]></system-err>

  </testsuite>
  <testsuite errors="0" failures="0" hostname="MININT-0CDNVTD" id="16" name="XmlNodeTest" package="pt.up.fe.specs.util" skipped="0" tests="1" time="0.012" timestamp="2022-04-10T20:06:12">
      <properties>
[...]
</properties>

      <testcase classname="pt.up.fe.specs.util.XmlNodeTest" name="test" time="0.01" />

      <system-out><![CDATA[]]></system-out>

      <system-err><![CDATA[]]></system-err>

  </testsuite>
  <testsuite errors="0" failures="0" hostname="MININT-0CDNVTD" id="17" name="ClassmapTest" package="pt.up.fe.specs.util.classmap" skipped="0" tests="7" time="0.071" timestamp="2022-04-10T20:06:12">
      <properties>
[...]
</properties>

      <testcase classname="pt.up.fe.specs.util.classmap.ClassmapTest" name="testBiConsumerClassMap" time="0.046" />

      <testcase classname="pt.up.fe.specs.util.classmap.ClassmapTest" name="testClassSetV2" time="0.001" />

      <testcase classname="pt.up.fe.specs.util.classmap.ClassmapTest" name="testMultiFunction" time="0.003" />

      <testcase classname="pt.up.fe.specs.util.classmap.ClassmapTest" name="testClassMap" time="0.0" />

      <testcase classname="pt.up.fe.specs.util.classmap.ClassmapTest" name="testClassSet" time="0.001" />

      <testcase classname="pt.up.fe.specs.util.classmap.ClassmapTest" name="testBiFunctionClassMap" time="0.006" />

      <testcase classname="pt.up.fe.specs.util.classmap.ClassmapTest" name="testFunctionClassMap" time="0.002" />

      <system-out><![CDATA[]]></system-out>

      <system-err><![CDATA[]]></system-err>

  </testsuite>
  <testsuite errors="0" failures="0" hostname="MININT-0CDNVTD" id="18" name="CsvWriterTest" package="pt.up.fe.specs.util.csv" skipped="0" tests="1" time="0.012" timestamp="2022-04-10T20:06:12">
      <properties>
[...]
</properties>

      <testcase classname="pt.up.fe.specs.util.csv.CsvWriterTest" name="test" time="0.009" />

      <system-out><![CDATA[]]></system-out>

      <system-err><![CDATA[]]></system-err>

  </testsuite>
  <testsuite errors="0" failures="0" hostname="MININT-0CDNVTD" id="19" name="ArgumentParsingTest" package="pt.up.fe.specs.util.parsing" skipped="0" tests="1" time="0.006" timestamp="2022-04-10T20:06:12">
      <properties>
[...]
</properties>

      <testcase classname="pt.up.fe.specs.util.parsing.ArgumentParsingTest" name="commandLine" time="0.003" />

      <system-out><![CDATA[]]></system-out>

      <system-err><![CDATA[]]></system-err>

  </testsuite>
  <testsuite errors="0" failures="0" hostname="MININT-0CDNVTD" id="20" name="ParseUtilsTest" package="pt.up.fe.specs.util.parsing" skipped="0" tests="1" time="0.001" timestamp="2022-04-10T20:06:12">
      <properties>
[...]
</properties>

      <testcase classname="pt.up.fe.specs.util.parsing.ParseUtilsTest" name="testAlphaId" time="0.0" />

      <system-out><![CDATA[]]></system-out>

      <system-err><![CDATA[]]></system-err>

  </testsuite>
  <testsuite errors="0" failures="0" hostname="MININT-0CDNVTD" id="21" name="BufferTest" package="pt.up.fe.specs.util.utilities" skipped="0" tests="1" time="0.003" timestamp="2022-04-10T20:06:12">
      <properties>
[...]
</properties>

      <testcase classname="pt.up.fe.specs.util.utilities.BufferTest" name="test" time="0.002" />

      <system-out><![CDATA[]]></system-out>

      <system-err><![CDATA[]]></system-err>

  </testsuite>
  <testsuite errors="0" failures="0" hostname="MININT-0CDNVTD" id="22" name="StringSliceTest" package="pt.up.fe.specs.util.utilities" skipped="0" tests="11" time="0.005" timestamp="2022-04-10T20:06:12">
      <properties>
[...]
</properties>

      <testcase classname="pt.up.fe.specs.util.utilities.StringSliceTest" name="testConstructorEmpty" time="0.0" />

      <testcase classname="pt.up.fe.specs.util.utilities.StringSliceTest" name="testTrim" time="0.0" />

      <testcase classname="pt.up.fe.specs.util.utilities.StringSliceTest" name="testSubstringPrefix" time="0.0" />

      <testcase classname="pt.up.fe.specs.util.utilities.StringSliceTest" name="testConstructorSimple" time="0.0" />

      <testcase classname="pt.up.fe.specs.util.utilities.StringSliceTest" name="testTrimLineBreak" time="0.0" />

      <testcase classname="pt.up.fe.specs.util.utilities.StringSliceTest" name="testEmptySubstring" time="0.0" />

      <testcase classname="pt.up.fe.specs.util.utilities.StringSliceTest" name="testSubstring" time="0.0" />

      <testcase classname="pt.up.fe.specs.util.utilities.StringSliceTest" name="testCharAt" time="0.0" />

      <testcase classname="pt.up.fe.specs.util.utilities.StringSliceTest" name="testLength" time="0.0" />

      <testcase classname="pt.up.fe.specs.util.utilities.StringSliceTest" name="testIsEmpty" time="0.0" />

      <testcase classname="pt.up.fe.specs.util.utilities.StringSliceTest" name="testStartsWith" time="0.0" />

      <system-out><![CDATA[]]></system-out>

      <system-err><![CDATA[]]></system-err>

  </testsuite>
  <testsuite errors="0" failures="0" hostname="MININT-0CDNVTD" id="23" name="RangeMapTest" package="tdrc.utils" skipped="0" tests="4" time="0.081" timestamp="2022-04-10T20:05:56">
      <properties>
[...]
</properties>

      <testcase classname="tdrc.utils.RangeMapTest" name="testGet" time="0.0" />

      <testcase classname="tdrc.utils.RangeMapTest" name="testPut" time="0.001" />

      <testcase classname="tdrc.utils.RangeMapTest" name="testClear" time="0.0" />

      <testcase classname="tdrc.utils.RangeMapTest" name="testRemove" time="0.0" />

      <system-out><![CDATA[]]></system-out>

      <system-err><![CDATA[]]></system-err>

  </testsuite>
</testsuites>
